Trial 72 finished with value: 0.588230557531236 and parameters: {'max_depth': 6, 'subsample': 0.5029571103074515, 'colsample_bytree': 0.4184046816093792, 'reg_alpha': 5.5722578062614733e-08, 'reg_lambda': 0.0033654736055139757, 'min_child_weight': 9}. Best is trial 50 with value: 0.5889563462281775.
Trial 73 finished with value: 0.588329080179213 and parameters: {'max_depth': 5, 'subsample': 0.5976256640855905, 'colsample_bytree': 0.38456257301259156, 'reg_alpha': 2.401219942819101e-07, 'reg_lambda': 0.05578140749542779, 'min_child_weight': 22}. Best is trial 50 with value: 0.5889563462281775.
Trial 74 finished with value: 0.5859886174825848 and parameters: {'max_depth': 6, 'subsample': 0.31069385438736596, 'colsample_bytree': 0.8114798320021341, 'reg_alpha': 1.2027564885814526e-07, 'reg_lambda': 1.421502537462868e-08, 'min_child_weight': 14}. Best is trial 50 with value: 0.5889563462281775.
Trial 75 finished with value: 0.5882621441480002 and parameters: {'max_depth': 8, 'subsample': 0.6351839829987654, 'colsample_bytree': 0.34984351093340477, 'reg_alpha': 5.383066105978065e-07, 'reg_lambda': 0.009789740027082104, 'min_child_weight': 36}. Best is trial 50 with value: 0.5889563462281775.
Trial 76 finished with value: 0.5883057388297812 and parameters: {'max_depth': 7, 'subsample': 0.725901752196519, 'colsample_bytree': 0.4646285015827536, 'reg_alpha': 1.0433224943019145e-07, 'reg_lambda': 0.000864809236960692, 'min_child_weight': 19}. Best is trial 50 with value: 0.5889563462281775.
Trial 77 finished with value: 0.5880134980451696 and parameters: {'max_depth': 7, 'subsample': 0.5503885415175358, 'colsample_bytree': 0.31612339871486317, 'reg_alpha': 3.931648740903512e-08, 'reg_lambda': 0.004971988374033364, 'min_child_weight': 26}. Best is trial 50 with value: 0.5889563462281775.
Trial 78 finished with value: 0.5893427909767045 and parameters: {'max_depth': 6, 'subsample': 0.7540603075329377, 'colsample_bytree': 0.36134377224261865, 'reg_alpha': 8.864164297686567e-07, 'reg_lambda': 0.5287108985974154, 'min_child_weight': 32}. Best is trial 78 with value: 0.5893427909767045.
Trial 79 finished with value: 0.5885354874968454 and parameters: {'max_depth': 4, 'subsample': 0.8202663737754482, 'colsample_bytree': 0.43618681552574284, 'reg_alpha': 9.22080341886727e-07, 'reg_lambda': 1.7249786937472036, 'min_child_weight': 33}. Best is trial 78 with value: 0.5893427909767045.
Trial 80 finished with value: 0.5860910712427312 and parameters: {'max_depth': 2, 'subsample': 0.8041908416621977, 'colsample_bytree': 0.3997162960792775, 'reg_alpha': 2.0578984531173903e-06, 'reg_lambda': 1.5266528735245661, 'min_child_weight': 96}. Best is trial 78 with value: 0.5893427909767045.
Trial 81 finished with value: 0.5887788986769797 and parameters: {'max_depth': 5, 'subsample': 0.7588679137423214, 'colsample_bytree': 0.42772496114904834, 'reg_alpha': 1.0448377146583353e-06, 'reg_lambda': 0.5732026318011688, 'min_child_weight': 33}. Best is trial 78 with value: 0.5893427909767045.
Trial 82 finished with value: 0.5881592535504094 and parameters: {'max_depth': 4, 'subsample': 0.7580642826744001, 'colsample_bytree': 0.4436991638166228, 'reg_alpha': 9.190880266915731e-07, 'reg_lambda': 3.3536613582017605, 'min_child_weight': 40}. Best is trial 78 with value: 0.5893427909767045.
Trial 83 finished with value: 0.5893371412243961 and parameters: {'max_depth': 5, 'subsample': 0.8278746861197753, 'colsample_bytree': 0.3646353791318381, 'reg_alpha': 3.4150060533472927e-07, 'reg_lambda': 0.6254243719205226, 'min_child_weight': 31}. Best is trial 78 with value: 0.5893427909767045.
Trial 84 finished with value: 0.5881345651835653 and parameters: {'max_depth': 4, 'subsample': 0.8187041096793406, 'colsample_bytree': 0.506568214294762, 'reg_alpha': 2.873149099299521e-07, 'reg_lambda': 0.6119975550362053, 'min_child_weight': 32}. Best is trial 78 with value: 0.5893427909767045.
Trial 85 finished with value: 0.588193892288127 and parameters: {'max_depth': 3, 'subsample': 0.8755855478633819, 'colsample_bytree': 0.42876108760594434, 'reg_alpha': 1.095458218065566e-06, 'reg_lambda': 12.379700093271408, 'min_child_weight': 32}. Best is trial 78 with value: 0.5893427909767045.
Trial 86 finished with value: 0.5889751312165487 and parameters: {'max_depth': 5, 'subsample': 0.8469204413205658, 'colsample_bytree': 0.3650952892591731, 'reg_alpha': 5.023996056127795e-06, 'reg_lambda': 1.2638507860557215, 'min_child_weight': 45}. Best is trial 78 with value: 0.5893427909767045.
Trial 87 finished with value: 0.588981898279192 and parameters: {'max_depth': 5, 'subsample': 0.7918172726428988, 'colsample_bytree': 0.3629434257208161, 'reg_alpha': 6.611200903478409e-06, 'reg_lambda': 0.38419308002983377, 'min_child_weight': 47}. Best is trial 78 with value: 0.5893427909767045.
Trial 88 finished with value: 0.5892687062824189 and parameters: {'max_depth': 5, 'subsample': 0.7819716669395389, 'colsample_bytree': 0.37010961918037844, 'reg_alpha': 6.843421809333673e-06, 'reg_lambda': 0.5488822107345165, 'min_child_weight': 48}. Best is trial 78 with value: 0.5893427909767045.
Trial 89 finished with value: 0.5893321270641996 and parameters: {'max_depth': 5, 'subsample': 0.8371340995020822, 'colsample_bytree': 0.35837588499071277, 'reg_alpha': 7.225509600542657e-06, 'reg_lambda': 0.4043077073633744, 'min_child_weight': 45}. Best is trial 78 with value: 0.5893427909767045.
Trial 90 finished with value: 0.5882469248298943 and parameters: {'max_depth': 5, 'subsample': 0.8441026237130463, 'colsample_bytree': 0.3915671504568374, 'reg_alpha': 6.276115339623074e-06, 'reg_lambda': 0.4085446711492366, 'min_child_weight': 59}. Best is trial 78 with value: 0.5893427909767045.
Trial 91 finished with value: 0.5889486483305552 and parameters: {'max_depth': 5, 'subsample': 0.7852448749587607, 'colsample_bytree': 0.3645926003934443, 'reg_alpha': 1.0034108780463863e-05, 'reg_lambda': 1.0067809613736538, 'min_child_weight': 46}. Best is trial 78 with value: 0.5893427909767045.
Trial 92 finished with value: 0.5885051112356756 and parameters: {'max_depth': 4, 'subsample': 0.7890474415807764, 'colsample_bytree': 0.29895562495794203, 'reg_alpha': 1.5833810089042602e-05, 'reg_lambda': 4.901918241827294, 'min_child_weight': 46}. Best is trial 78 with value: 0.5893427909767045.
Trial 93 finished with value: 0.589394336608201 and parameters: {'max_depth': 5, 'subsample': 0.857801706161242, 'colsample_bytree': 0.3706717917334836, 'reg_alpha': 8.32792754939642e-06, 'reg_lambda': 1.1846714844214434, 'min_child_weight': 52}. Best is trial 93 with value: 0.589394336608201.
Trial 94 finished with value: 0.5886755556888956 and parameters: {'max_depth': 5, 'subsample': 0.8965175107019201, 'colsample_bytree': 0.3617856102772699, 'reg_alpha': 9.11977362697441e-06, 'reg_lambda': 0.8847181394728196, 'min_child_weight': 55}. Best is trial 93 with value: 0.589394336608201.
Trial 95 finished with value: 0.5886781310233945 and parameters: {'max_depth': 5, 'subsample': 0.8514302003897932, 'colsample_bytree': 0.270324064020071, 'reg_alpha': 2.923759193613455e-06, 'reg_lambda': 1.2431970008551803, 'min_child_weight': 49}. Best is trial 93 with value: 0.589394336608201.
Trial 96 finished with value: 0.5881593134478621 and parameters: {'max_depth': 4, 'subsample': 0.8713233289424902, 'colsample_bytree': 0.4104482828846118, 'reg_alpha': 3.382427454555328e-05, 'reg_lambda': 0.11195927022281768, 'min_child_weight': 44}. Best is trial 93 with value: 0.589394336608201.
Trial 97 finished with value: 0.5892086319026629 and parameters: {'max_depth': 6, 'subsample': 0.8341270229723601, 'colsample_bytree': 0.3675087133089337, 'reg_alpha': 5.673612921667871e-06, 'reg_lambda': 19.044335911822174, 'min_child_weight': 51}. Best is trial 93 with value: 0.589394336608201.
Trial 98 finished with value: 0.5882293447830443 and parameters: {'max_depth': 5, 'subsample': 0.8357785914460533, 'colsample_bytree': 0.3692491038046252, 'reg_alpha': 5.7813836046266134e-06, 'reg_lambda': 79.84507590205398, 'min_child_weight': 52}. Best is trial 93 with value: 0.589394336608201.
Trial 99 finished with value: 0.5879305446017576 and parameters: {'max_depth': 6, 'subsample': 0.805484767964414, 'colsample_bytree': 0.3100236797753718, 'reg_alpha': 5.3219316477101226e-05, 'reg_lambda': 15.864877675125667, 'min_child_weight': 63}. Best is trial 93 with value: 0.589394336608201.
