Note: NumExpr detected 20 cores but "NUMEXPR_MAX_THREADS" not set, so enforcing safe limit of 8.
NumExpr defaulting to 8 threads.
A new study created in memory with name: no-name-9f77c01d-cb8c-485f-92ed-d22e4fd9b41a
Trial 0 finished with value: 0.5860332950814027 and parameters: {'max_depth': 2, 'colsample_bytree': 0.8807854790836877, 'subsample': 0.32445245764866854, 'min_child_samples': 35, 'reg_alpha': 0.0005402340228989872, 'reg_lambda': 0.0002555307041437508, 'max_bin': 461, 'min_data_per_group': 364}. Best is trial 0 with value: 0.5860332950814027.
Trial 1 finished with value: 0.5858167363857925 and parameters: {'max_depth': 2, 'colsample_bytree': 0.759981907180599, 'subsample': 0.40384217864172167, 'min_child_samples': 69, 'reg_alpha': 0.0011993769924537759, 'reg_lambda': 0.18786597601435892, 'max_bin': 321, 'min_data_per_group': 62}. Best is trial 0 with value: 0.5860332950814027.
Trial 2 finished with value: 0.5844527939815405 and parameters: {'max_depth': 2, 'colsample_bytree': 0.24304246923972325, 'subsample': 0.2920999972716226, 'min_child_samples': 269, 'reg_alpha': 1.6433809889618813e-07, 'reg_lambda': 0.0767591963252915, 'max_bin': 951, 'min_data_per_group': 265}. Best is trial 0 with value: 0.5860332950814027.
Trial 3 finished with value: 0.586183134154624 and parameters: {'max_depth': 3, 'colsample_bytree': 0.41702051357003544, 'subsample': 0.6944341934370702, 'min_child_samples': 368, 'reg_alpha': 8.451286042277927e-08, 'reg_lambda': 0.0001242352414066782, 'max_bin': 725, 'min_data_per_group': 47}. Best is trial 3 with value: 0.586183134154624.
Trial 4 finished with value: 0.5871924935970676 and parameters: {'max_depth': 4, 'colsample_bytree': 0.3289389148673355, 'subsample': 0.560811725833472, 'min_child_samples': 259, 'reg_alpha': 0.001263133239881615, 'reg_lambda': 10.508968625425775, 'max_bin': 279, 'min_data_per_group': 379}. Best is trial 4 with value: 0.5871924935970676.
Trial 5 finished with value: 0.5845313227744582 and parameters: {'max_depth': 6, 'colsample_bytree': 0.7009669369923549, 'subsample': 0.20698117507509206, 'min_child_samples': 354, 'reg_alpha': 4.099654466953551e-07, 'reg_lambda': 0.00012048405261399227, 'max_bin': 616, 'min_data_per_group': 220}. Best is trial 4 with value: 0.5871924935970676.
Trial 6 finished with value: 0.5864076879526576 and parameters: {'max_depth': 6, 'colsample_bytree': 0.37203063867666675, 'subsample': 0.7951786627195135, 'min_child_samples': 134, 'reg_alpha': 3.043824546337869, 'reg_lambda': 0.007544084698071304, 'max_bin': 872, 'min_data_per_group': 253}. Best is trial 4 with value: 0.5871924935970676.
Trial 7 finished with value: 0.5856391112472397 and parameters: {'max_depth': 3, 'colsample_bytree': 0.6365189355685142, 'subsample': 0.3182092653765254, 'min_child_samples': 406, 'reg_alpha': 2.0103028103498046e-06, 'reg_lambda': 1.0451175047324985e-08, 'max_bin': 848, 'min_data_per_group': 47}. Best is trial 4 with value: 0.5871924935970676.
Trial 8 finished with value: 0.5808976444512824 and parameters: {'max_depth': 4, 'colsample_bytree': 0.14578089593423177, 'subsample': 0.11148084705873479, 'min_child_samples': 84, 'reg_alpha': 0.15610115971154176, 'reg_lambda': 2.350588916808748, 'max_bin': 587, 'min_data_per_group': 106}. Best is trial 4 with value: 0.5871924935970676.
Trial 9 finished with value: 0.586891959992279 and parameters: {'max_depth': 3, 'colsample_bytree': 0.3862318605045165, 'subsample': 0.7700687792174905, 'min_child_samples': 110, 'reg_alpha': 0.0028055550109505295, 'reg_lambda': 0.07601623126766832, 'max_bin': 415, 'min_data_per_group': 413}. Best is trial 4 with value: 0.5871924935970676.
Trial 10 finished with value: 0.585575962661422 and parameters: {'max_depth': 7, 'colsample_bytree': 0.5630073420432142, 'subsample': 0.601552951981227, 'min_child_samples': 490, 'reg_alpha': 2.1702155272795882e-05, 'reg_lambda': 3.662741460923582e-07, 'max_bin': 241, 'min_data_per_group': 465}. Best is trial 4 with value: 0.5871924935970676.
Trial 11 finished with value: 0.5886090371890422 and parameters: {'max_depth': 4, 'colsample_bytree': 0.3051772848285918, 'subsample': 0.8847955143294519, 'min_child_samples': 188, 'reg_alpha': 0.021552902852298238, 'reg_lambda': 15.251616377960715, 'max_bin': 380, 'min_data_per_group': 404}. Best is trial 11 with value: 0.5886090371890422.
Trial 12 finished with value: 0.5863535975401748 and parameters: {'max_depth': 5, 'colsample_bytree': 0.24749961401939727, 'subsample': 0.8868815431511324, 'min_child_samples': 210, 'reg_alpha': 0.02917502921317723, 'reg_lambda': 75.25809743877049, 'max_bin': 206, 'min_data_per_group': 351}. Best is trial 11 with value: 0.5886090371890422.
Trial 13 finished with value: 0.5853460169716964 and parameters: {'max_depth': 4, 'colsample_bytree': 0.2448015235134416, 'subsample': 0.5299238473045566, 'min_child_samples': 205, 'reg_alpha': 3.2895667105589725e-05, 'reg_lambda': 81.11503415162721, 'max_bin': 391, 'min_data_per_group': 487}. Best is trial 11 with value: 0.5886090371890422.
Trial 14 finished with value: 0.5870536583461766 and parameters: {'max_depth': 5, 'colsample_bytree': 0.47322445919889883, 'subsample': 0.6234566944452727, 'min_child_samples': 275, 'reg_alpha': 0.042559849697292755, 'reg_lambda': 3.5256500842606724, 'max_bin': 479, 'min_data_per_group': 344}. Best is trial 11 with value: 0.5886090371890422.
Trial 15 finished with value: 0.5820350054324889 and parameters: {'max_depth': 1, 'colsample_bytree': 0.31497782624631054, 'subsample': 0.8866163475944981, 'min_child_samples': 174, 'reg_alpha': 9.083162361967215, 'reg_lambda': 4.318439458891658, 'max_bin': 293, 'min_data_per_group': 418}. Best is trial 11 with value: 0.5886090371890422.
Trial 16 finished with value: 0.5822886787356056 and parameters: {'max_depth': 5, 'colsample_bytree': 0.10891993422246904, 'subsample': 0.49717321960936983, 'min_child_samples': 309, 'reg_alpha': 0.4530896636755274, 'reg_lambda': 0.0017034544947878286, 'max_bin': 529, 'min_data_per_group': 185}. Best is trial 11 with value: 0.5886090371890422.
Trial 17 finished with value: 0.587389717630989 and parameters: {'max_depth': 4, 'colsample_bytree': 0.5340343745788748, 'subsample': 0.4704904580268911, 'min_child_samples': 178, 'reg_alpha': 0.00780060802939939, 'reg_lambda': 6.71394747522377e-06, 'max_bin': 339, 'min_data_per_group': 302}. Best is trial 11 with value: 0.5886090371890422.
Trial 18 finished with value: 0.5862646837362571 and parameters: {'max_depth': 6, 'colsample_bytree': 0.5603450444301493, 'subsample': 0.43403688986207617, 'min_child_samples': 158, 'reg_alpha': 0.006901073241519886, 'reg_lambda': 8.0644785026233e-06, 'max_bin': 368, 'min_data_per_group': 286}. Best is trial 11 with value: 0.5886090371890422.
Trial 19 finished with value: 0.5874163607396431 and parameters: {'max_depth': 3, 'colsample_bytree': 0.4753997749673655, 'subsample': 0.6814234627922264, 'min_child_samples': 219, 'reg_alpha': 0.00013411739825876703, 'reg_lambda': 5.997306878374681e-07, 'max_bin': 686, 'min_data_per_group': 310}. Best is trial 11 with value: 0.5886090371890422.
Trial 20 finished with value: 0.5816072692064841 and parameters: {'max_depth': 1, 'colsample_bytree': 0.4522646805554553, 'subsample': 0.7181411454970087, 'min_child_samples': 230, 'reg_alpha': 3.8901136030373386e-05, 'reg_lambda': 1.4858920451545886e-08, 'max_bin': 644, 'min_data_per_group': 155}. Best is trial 11 with value: 0.5886090371890422.
Trial 21 finished with value: 0.5877360258618057 and parameters: {'max_depth': 3, 'colsample_bytree': 0.5471390740037503, 'subsample': 0.6570886735331429, 'min_child_samples': 180, 'reg_alpha': 1.0623452651973489e-08, 'reg_lambda': 4.745354200294025e-06, 'max_bin': 704, 'min_data_per_group': 312}. Best is trial 11 with value: 0.5886090371890422.
Trial 22 finished with value: 0.5880853510692144 and parameters: {'max_depth': 3, 'colsample_bytree': 0.6303846728580089, 'subsample': 0.666008762556612, 'min_child_samples': 131, 'reg_alpha': 1.239226272273385e-08, 'reg_lambda': 5.139413471679782e-07, 'max_bin': 732, 'min_data_per_group': 319}. Best is trial 11 with value: 0.5886090371890422.
Trial 23 finished with value: 0.5870484099975382 and parameters: {'max_depth': 2, 'colsample_bytree': 0.6662703106207254, 'subsample': 0.8083136406786713, 'min_child_samples': 127, 'reg_alpha': 1.165781167976589e-08, 'reg_lambda': 2.799905779698118e-07, 'max_bin': 775, 'min_data_per_group': 433}. Best is trial 11 with value: 0.5886090371890422.
Trial 24 finished with value: 0.5877156234930019 and parameters: {'max_depth': 3, 'colsample_bytree': 0.7660145446033418, 'subsample': 0.6528241598561887, 'min_child_samples': 88, 'reg_alpha': 1.0599146694815081e-08, 'reg_lambda': 7.516593842745901e-06, 'max_bin': 788, 'min_data_per_group': 326}. Best is trial 11 with value: 0.5886090371890422.
Trial 25 finished with value: 0.587422705369884 and parameters: {'max_depth': 4, 'colsample_bytree': 0.6107705180153854, 'subsample': 0.7604155567540472, 'min_child_samples': 153, 'reg_alpha': 1.4078659327725847e-06, 'reg_lambda': 9.908817656492914e-08, 'max_bin': 548, 'min_data_per_group': 388}. Best is trial 11 with value: 0.5886090371890422.
Trial 26 finished with value: 0.5867888298429301 and parameters: {'max_depth': 3, 'colsample_bytree': 0.7372449385731425, 'subsample': 0.5997907439331658, 'min_child_samples': 50, 'reg_alpha': 4.885899780623523e-08, 'reg_lambda': 2.6832590478181525e-06, 'max_bin': 692, 'min_data_per_group': 459}. Best is trial 11 with value: 0.5886090371890422.
Trial 27 finished with value: 0.5873403218022385 and parameters: {'max_depth': 5, 'colsample_bytree': 0.8173187096033109, 'subsample': 0.870263809399326, 'min_child_samples': 184, 'reg_alpha': 3.950516187138715e-06, 'reg_lambda': 0.005208000542769037, 'max_bin': 990, 'min_data_per_group': 230}. Best is trial 11 with value: 0.5886090371890422.
Trial 28 finished with value: 0.5867309707446992 and parameters: {'max_depth': 2, 'colsample_bytree': 0.6060194291922079, 'subsample': 0.8204294103611991, 'min_child_samples': 112, 'reg_alpha': 3.7471069006428965e-07, 'reg_lambda': 2.0739346162624714e-05, 'max_bin': 766, 'min_data_per_group': 394}. Best is trial 11 with value: 0.5886090371890422.
Trial 29 finished with value: 0.581516921944762 and parameters: {'max_depth': 1, 'colsample_bytree': 0.5173211564299878, 'subsample': 0.719514329567851, 'min_child_samples': 247, 'reg_alpha': 0.00022669270806578273, 'reg_lambda': 0.0004776145167780499, 'max_bin': 466, 'min_data_per_group': 346}. Best is trial 11 with value: 0.5886090371890422.
Trial 30 finished with value: 0.5866459068077657 and parameters: {'max_depth': 4, 'colsample_bytree': 0.8303233149860832, 'subsample': 0.4069863860797753, 'min_child_samples': 34, 'reg_alpha': 2.9598029331266063e-08, 'reg_lambda': 4.253640403353584e-05, 'max_bin': 856, 'min_data_per_group': 275}. Best is trial 11 with value: 0.5886090371890422.
Trial 31 finished with value: 0.5871734945211934 and parameters: {'max_depth': 3, 'colsample_bytree': 0.8581398953251524, 'subsample': 0.6581279703492827, 'min_child_samples': 88, 'reg_alpha': 1.3259234751442387e-08, 'reg_lambda': 1.8875049729750954e-06, 'max_bin': 804, 'min_data_per_group': 320}. Best is trial 11 with value: 0.5886090371890422.
Trial 32 finished with value: 0.5865974547685961 and parameters: {'max_depth': 2, 'colsample_bytree': 0.7660331990992929, 'subsample': 0.5502153825245452, 'min_child_samples': 65, 'reg_alpha': 1.0465407144248557e-08, 'reg_lambda': 6.984742304047535e-08, 'max_bin': 714, 'min_data_per_group': 321}. Best is trial 11 with value: 0.5886090371890422.
Trial 33 finished with value: 0.5876668160228011 and parameters: {'max_depth': 3, 'colsample_bytree': 0.6958317490492054, 'subsample': 0.6444334335047363, 'min_child_samples': 146, 'reg_alpha': 1.7522877348418689e-07, 'reg_lambda': 3.4953424235879765e-05, 'max_bin': 926, 'min_data_per_group': 359}. Best is trial 11 with value: 0.5886090371890422.
Trial 34 finished with value: 0.5868235376025537 and parameters: {'max_depth': 2, 'colsample_bytree': 0.7610400427026717, 'subsample': 0.7431671913875588, 'min_child_samples': 112, 'reg_alpha': 5.055873300258414e-08, 'reg_lambda': 1.3630234407797843e-06, 'max_bin': 644, 'min_data_per_group': 250}. Best is trial 11 with value: 0.5886090371890422.
Trial 35 finished with value: 0.5874719508582151 and parameters: {'max_depth': 3, 'colsample_bytree': 0.599724971860113, 'subsample': 0.8453743055797661, 'min_child_samples': 89, 'reg_alpha': 5.001962582196894e-07, 'reg_lambda': 0.16869486424830835, 'max_bin': 758, 'min_data_per_group': 337}. Best is trial 11 with value: 0.5886090371890422.
Trial 36 finished with value: 0.5856586972636443 and parameters: {'max_depth': 3, 'colsample_bytree': 0.8998556023524573, 'subsample': 0.5787453480510566, 'min_child_samples': 300, 'reg_alpha': 7.064552544295152e-06, 'reg_lambda': 5.303938151819929e-08, 'max_bin': 824, 'min_data_per_group': 376}. Best is trial 11 with value: 0.5886090371890422.
Trial 37 finished with value: 0.587827025950978 and parameters: {'max_depth': 4, 'colsample_bytree': 0.6630566989617801, 'subsample': 0.6826844421323112, 'min_child_samples': 198, 'reg_alpha': 1.562235504055579e-07, 'reg_lambda': 0.0001807909481401047, 'max_bin': 898, 'min_data_per_group': 212}. Best is trial 11 with value: 0.5886090371890422.
Trial 38 finished with value: 0.5876145960294925 and parameters: {'max_depth': 4, 'colsample_bytree': 0.41931689916461645, 'subsample': 0.6973249558239035, 'min_child_samples': 201, 'reg_alpha': 1.1372561538261932e-07, 'reg_lambda': 0.0001478334063887789, 'max_bin': 902, 'min_data_per_group': 191}. Best is trial 11 with value: 0.5886090371890422.
Trial 39 finished with value: 0.5856587489149335 and parameters: {'max_depth': 4, 'colsample_bytree': 0.6655061611253771, 'subsample': 0.5235649811526821, 'min_child_samples': 248, 'reg_alpha': 8.344769499024398e-07, 'reg_lambda': 0.012934934026096662, 'max_bin': 581, 'min_data_per_group': 121}. Best is trial 11 with value: 0.5886090371890422.
Trial 40 finished with value: 0.5835558716371387 and parameters: {'max_depth': 5, 'colsample_bytree': 0.2899769324511925, 'subsample': 0.2658267246474497, 'min_child_samples': 188, 'reg_alpha': 0.0005970358391449155, 'reg_lambda': 0.0004334372364237299, 'max_bin': 957, 'min_data_per_group': 228}. Best is trial 11 with value: 0.5886090371890422.
Trial 41 finished with value: 0.5874906848618393 and parameters: {'max_depth': 3, 'colsample_bytree': 0.7149927811415582, 'subsample': 0.6315637591540141, 'min_child_samples': 158, 'reg_alpha': 3.488591084225036e-08, 'reg_lambda': 8.249547636203326e-06, 'max_bin': 743, 'min_data_per_group': 292}. Best is trial 11 with value: 0.5886090371890422.
Trial 42 finished with value: 0.5877018013714463 and parameters: {'max_depth': 4, 'colsample_bytree': 0.7920763729500483, 'subsample': 0.6666089190924956, 'min_child_samples': 131, 'reg_alpha': 1.779866230470958e-07, 'reg_lambda': 7.722277022091447e-05, 'max_bin': 800, 'min_data_per_group': 252}. Best is trial 11 with value: 0.5886090371890422.
Trial 43 finished with value: 0.585897272355212 and parameters: {'max_depth': 2, 'colsample_bytree': 0.1812874989765153, 'subsample': 0.7910828705238363, 'min_child_samples': 63, 'reg_alpha': 2.4307572368196356e-08, 'reg_lambda': 1.848998271070828e-05, 'max_bin': 889, 'min_data_per_group': 271}. Best is trial 11 with value: 0.5886090371890422.
Trial 44 finished with value: 0.5875127232193937 and parameters: {'max_depth': 3, 'colsample_bytree': 0.6473684275152536, 'subsample': 0.7187469435465658, 'min_child_samples': 229, 'reg_alpha': 1.0375295718626558e-07, 'reg_lambda': 0.0015118650012642322, 'max_bin': 668, 'min_data_per_group': 193}. Best is trial 11 with value: 0.5886090371890422.
Trial 45 finished with value: 0.5880551004220228 and parameters: {'max_depth': 4, 'colsample_bytree': 0.5580345955820158, 'subsample': 0.5934356401812667, 'min_child_samples': 99, 'reg_alpha': 2.734144454923522e-07, 'reg_lambda': 6.530768239038581e-07, 'max_bin': 723, 'min_data_per_group': 407}. Best is trial 11 with value: 0.5886090371890422.
Trial 46 finished with value: 0.5873568140405429 and parameters: {'max_depth': 5, 'colsample_bytree': 0.584133362866041, 'subsample': 0.5794083248708143, 'min_child_samples': 174, 'reg_alpha': 0.7435338194937178, 'reg_lambda': 8.09452915059407e-07, 'max_bin': 616, 'min_data_per_group': 435}. Best is trial 11 with value: 0.5886090371890422.
Trial 47 finished with value: 0.5853217171645965 and parameters: {'max_depth': 4, 'colsample_bytree': 0.5258907649655459, 'subsample': 0.37006998267533936, 'min_child_samples': 277, 'reg_alpha': 4.2683508854615366e-07, 'reg_lambda': 1.8431242268471815e-07, 'max_bin': 724, 'min_data_per_group': 415}. Best is trial 11 with value: 0.5886090371890422.
Trial 48 finished with value: 0.5862853334024483 and parameters: {'max_depth': 4, 'colsample_bytree': 0.37985358330688285, 'subsample': 0.6173305205436797, 'min_child_samples': 127, 'reg_alpha': 9.075118313446024e-06, 'reg_lambda': 18.6438991964936, 'max_bin': 519, 'min_data_per_group': 499}. Best is trial 11 with value: 0.5886090371890422.
Trial 49 finished with value: 0.585696406305999 and parameters: {'max_depth': 5, 'colsample_bytree': 0.5501227843831007, 'subsample': 0.49049882626271535, 'min_child_samples': 200, 'reg_alpha': 0.07197737543720513, 'reg_lambda': 0.041491700913128995, 'max_bin': 427, 'min_data_per_group': 366}. Best is trial 11 with value: 0.5886090371890422.
Trial 50 finished with value: 0.5823089007882107 and parameters: {'max_depth': 7, 'colsample_bytree': 0.493344763757788, 'subsample': 0.12310370949010663, 'min_child_samples': 393, 'reg_alpha': 2.0593585296016678e-06, 'reg_lambda': 0.6534588727029093, 'max_bin': 838, 'min_data_per_group': 460}. Best is trial 11 with value: 0.5886090371890422.
Trial 51 finished with value: 0.5872841135099672 and parameters: {'max_depth': 3, 'colsample_bytree': 0.6337071010069513, 'subsample': 0.6870696978026717, 'min_child_samples': 95, 'reg_alpha': 5.9442208757835306e-08, 'reg_lambda': 3.3435513011894265e-06, 'max_bin': 793, 'min_data_per_group': 329}. Best is trial 11 with value: 0.5886090371890422.
Trial 52 finished with value: 0.5874946747399185 and parameters: {'max_depth': 4, 'colsample_bytree': 0.6784473799170195, 'subsample': 0.5503798651563279, 'min_child_samples': 103, 'reg_alpha': 2.2510356722875985e-08, 'reg_lambda': 6.088041190594145e-06, 'max_bin': 701, 'min_data_per_group': 211}. Best is trial 11 with value: 0.5886090371890422.
Trial 53 finished with value: 0.5857569833202447 and parameters: {'max_depth': 4, 'colsample_bytree': 0.7310266185620314, 'subsample': 0.7494464974828549, 'min_child_samples': 473, 'reg_alpha': 2.0412686820413892e-07, 'reg_lambda': 6.201876269551805e-07, 'max_bin': 734, 'min_data_per_group': 405}. Best is trial 11 with value: 0.5886090371890422.
Trial 54 finished with value: 0.5877447735546079 and parameters: {'max_depth': 3, 'colsample_bytree': 0.42420304147680543, 'subsample': 0.5992804956460067, 'min_child_samples': 145, 'reg_alpha': 1.8319344971298534e-08, 'reg_lambda': 1.551123589927632e-05, 'max_bin': 656, 'min_data_per_group': 299}. Best is trial 11 with value: 0.5886090371890422.
Trial 55 finished with value: 0.5874835009982992 and parameters: {'max_depth': 3, 'colsample_bytree': 0.4296470883845672, 'subsample': 0.5819829514920638, 'min_child_samples': 144, 'reg_alpha': 0.0017371919517780918, 'reg_lambda': 2.6973672666574118e-08, 'max_bin': 659, 'min_data_per_group': 151}. Best is trial 11 with value: 0.5886090371890422.
Trial 56 finished with value: 0.5876408819656571 and parameters: {'max_depth': 4, 'colsample_bytree': 0.3287713327620372, 'subsample': 0.4487582495674902, 'min_child_samples': 168, 'reg_alpha': 2.406268601146711e-08, 'reg_lambda': 0.0002526193776726539, 'max_bin': 591, 'min_data_per_group': 300}. Best is trial 11 with value: 0.5886090371890422.
Trial 57 finished with value: 0.5863463736841659 and parameters: {'max_depth': 6, 'colsample_bytree': 0.5703209016047098, 'subsample': 0.5210544445086022, 'min_child_samples': 221, 'reg_alpha': 7.788945813064587e-08, 'reg_lambda': 2.0668806187010354e-07, 'max_bin': 624, 'min_data_per_group': 440}. Best is trial 11 with value: 0.5886090371890422.
Trial 58 finished with value: 0.586460110795519 and parameters: {'max_depth': 2, 'colsample_bytree': 0.36077229569311037, 'subsample': 0.6085681989927716, 'min_child_samples': 195, 'reg_alpha': 0.01160825966545027, 'reg_lambda': 1.7567717612196692e-05, 'max_bin': 258, 'min_data_per_group': 244}. Best is trial 11 with value: 0.5886090371890422.
Trial 59 finished with value: 0.5878172369171638 and parameters: {'max_depth': 3, 'colsample_bytree': 0.46019348771728785, 'subsample': 0.7004095167432984, 'min_child_samples': 127, 'reg_alpha': 1.0913701176319753e-06, 'reg_lambda': 8.126613168208352e-05, 'max_bin': 560, 'min_data_per_group': 282}. Best is trial 11 with value: 0.5886090371890422.
Trial 60 finished with value: 0.5884167759788463 and parameters: {'max_depth': 5, 'colsample_bytree': 0.4505334902506724, 'subsample': 0.8332952064720871, 'min_child_samples': 119, 'reg_alpha': 7.65129940444086e-07, 'reg_lambda': 0.004271954992143488, 'max_bin': 508, 'min_data_per_group': 276}. Best is trial 11 with value: 0.5886090371890422.
Trial 61 finished with value: 0.5885944745529283 and parameters: {'max_depth': 5, 'colsample_bytree': 0.4537492780451029, 'subsample': 0.8481466337047953, 'min_child_samples': 120, 'reg_alpha': 1.7208030263522893e-06, 'reg_lambda': 0.9831899183086042, 'max_bin': 491, 'min_data_per_group': 277}. Best is trial 11 with value: 0.5886090371890422.
Trial 62 finished with value: 0.5879921192649709 and parameters: {'max_depth': 6, 'colsample_bytree': 0.47485489612893034, 'subsample': 0.8465832504892683, 'min_child_samples': 123, 'reg_alpha': 1.3265225384746499e-06, 'reg_lambda': 44.78176177349975, 'max_bin': 500, 'min_data_per_group': 267}. Best is trial 11 with value: 0.5886090371890422.
