Trial 63 finished with value: 0.5886534695627759 and parameters: {'max_depth': 6, 'colsample_bytree': 0.4938230725609587, 'subsample': 0.8995294984310007, 'min_child_samples': 75, 'reg_alpha': 2.368964461360906e-06, 'reg_lambda': 22.136366909484128, 'max_bin': 495, 'min_data_per_group': 205}. Best is trial 63 with value: 0.5886534695627759.
Trial 64 finished with value: 0.5881964229364466 and parameters: {'max_depth': 6, 'colsample_bytree': 0.5075201508786605, 'subsample': 0.8584460753052428, 'min_child_samples': 47, 'reg_alpha': 1.711713634360394e-05, 'reg_lambda': 27.93773685229025, 'max_bin': 501, 'min_data_per_group': 267}. Best is trial 63 with value: 0.5886534695627759.
Trial 65 finished with value: 0.5886594261609771 and parameters: {'max_depth': 6, 'colsample_bytree': 0.5024179777007172, 'subsample': 0.8676214507848166, 'min_child_samples': 43, 'reg_alpha': 7.806627964449305e-05, 'reg_lambda': 1.3851118081091713, 'max_bin': 430, 'min_data_per_group': 232}. Best is trial 65 with value: 0.5886594261609771.
Trial 66 finished with value: 0.5874119424707596 and parameters: {'max_depth': 6, 'colsample_bytree': 0.4021808853877873, 'subsample': 0.8996514497792075, 'min_child_samples': 46, 'reg_alpha': 7.289123039888913e-05, 'reg_lambda': 8.91634087575599, 'max_bin': 433, 'min_data_per_group': 156}. Best is trial 65 with value: 0.5886594261609771.
Trial 67 finished with value: 0.5885090532385109 and parameters: {'max_depth': 7, 'colsample_bytree': 0.5042229820080696, 'subsample': 0.8614513276342519, 'min_child_samples': 73, 'reg_alpha': 1.248803468052726e-05, 'reg_lambda': 2.7948800732676387, 'max_bin': 364, 'min_data_per_group': 176}. Best is trial 65 with value: 0.5886594261609771.
Trial 68 finished with value: 0.5884903131387411 and parameters: {'max_depth': 7, 'colsample_bytree': 0.502182031969406, 'subsample': 0.860192714225626, 'min_child_samples': 74, 'reg_alpha': 1.7244008138719505e-05, 'reg_lambda': 1.1183459285398334, 'max_bin': 385, 'min_data_per_group': 137}. Best is trial 65 with value: 0.5886594261609771.
Trial 69 finished with value: 0.5890005213558348 and parameters: {'max_depth': 7, 'colsample_bytree': 0.44658064178502926, 'subsample': 0.8252150326332143, 'min_child_samples': 68, 'reg_alpha': 2.923791568390896e-06, 'reg_lambda': 1.0792328835352945, 'max_bin': 354, 'min_data_per_group': 125}. Best is trial 69 with value: 0.5890005213558348.
Trial 70 finished with value: 0.5887154986178208 and parameters: {'max_depth': 7, 'colsample_bytree': 0.49124388348264747, 'subsample': 0.7839163464909363, 'min_child_samples': 35, 'reg_alpha': 5.094605304209088e-05, 'reg_lambda': 1.4329509942849636, 'max_bin': 333, 'min_data_per_group': 72}. Best is trial 69 with value: 0.5890005213558348.
Trial 71 finished with value: 0.586700596595728 and parameters: {'max_depth': 7, 'colsample_bytree': 0.36148839293454865, 'subsample': 0.7871863724008485, 'min_child_samples': 72, 'reg_alpha': 8.638947453986234e-05, 'reg_lambda': 1.4171383076637631, 'max_bin': 343, 'min_data_per_group': 83}. Best is trial 69 with value: 0.5890005213558348.
Trial 72 finished with value: 0.5885205036363411 and parameters: {'max_depth': 7, 'colsample_bytree': 0.4922331460693538, 'subsample': 0.8745630975670564, 'min_child_samples': 32, 'reg_alpha': 4.167216397188955e-06, 'reg_lambda': 0.7208895811704934, 'max_bin': 371, 'min_data_per_group': 39}. Best is trial 69 with value: 0.5890005213558348.
Trial 73 finished with value: 0.5888045034704106 and parameters: {'max_depth': 7, 'colsample_bytree': 0.4434043123334761, 'subsample': 0.8793716856060215, 'min_child_samples': 30, 'reg_alpha': 3.3655512730581532e-06, 'reg_lambda': 0.4181954584082303, 'max_bin': 298, 'min_data_per_group': 30}. Best is trial 69 with value: 0.5890005213558348.
Trial 74 finished with value: 0.5888573479657288 and parameters: {'max_depth': 7, 'colsample_bytree': 0.28452079644133, 'subsample': 0.8190407589633766, 'min_child_samples': 32, 'reg_alpha': 4.983121073751366e-06, 'reg_lambda': 0.3876473246447711, 'max_bin': 318, 'min_data_per_group': 33}. Best is trial 69 with value: 0.5890005213558348.
Trial 75 finished with value: 0.5859669538454936 and parameters: {'max_depth': 7, 'colsample_bytree': 0.2731828062083496, 'subsample': 0.8257571002706406, 'min_child_samples': 55, 'reg_alpha': 3.9655919717813686e-05, 'reg_lambda': 0.2694782236313864, 'max_bin': 286, 'min_data_per_group': 65}. Best is trial 69 with value: 0.5890005213558348.
Trial 76 finished with value: 0.5856242683900196 and parameters: {'max_depth': 7, 'colsample_bytree': 0.23623430624281103, 'subsample': 0.8108459290934541, 'min_child_samples': 43, 'reg_alpha': 2.9811907587299693e-06, 'reg_lambda': 5.4160842874669894, 'max_bin': 307, 'min_data_per_group': 62}. Best is trial 69 with value: 0.5890005213558348.
Trial 77 finished with value: 0.5860320889533753 and parameters: {'max_depth': 6, 'colsample_bytree': 0.21999630835940642, 'subsample': 0.8901948854828176, 'min_child_samples': 32, 'reg_alpha': 0.00041057954168854076, 'reg_lambda': 0.2913494530021883, 'max_bin': 330, 'min_data_per_group': 32}. Best is trial 69 with value: 0.5890005213558348.
Trial 78 finished with value: 0.5884088621542336 and parameters: {'max_depth': 6, 'colsample_bytree': 0.30568329309707754, 'subsample': 0.7746109409886115, 'min_child_samples': 56, 'reg_alpha': 6.785328658169498e-06, 'reg_lambda': 0.08910831838818578, 'max_bin': 451, 'min_data_per_group': 86}. Best is trial 69 with value: 0.5890005213558348.
Trial 79 finished with value: 0.5887874664755468 and parameters: {'max_depth': 7, 'colsample_bytree': 0.34287722514163516, 'subsample': 0.8033999937063873, 'min_child_samples': 80, 'reg_alpha': 0.00021199357337290357, 'reg_lambda': 11.90091636082094, 'max_bin': 228, 'min_data_per_group': 50}. Best is trial 69 with value: 0.5890005213558348.
Trial 80 finished with value: 0.5880034549279556 and parameters: {'max_depth': 7, 'colsample_bytree': 0.3409010466064908, 'subsample': 0.8103677993957425, 'min_child_samples': 80, 'reg_alpha': 0.0007224493755732485, 'reg_lambda': 10.798496306439802, 'max_bin': 202, 'min_data_per_group': 97}. Best is trial 69 with value: 0.5890005213558348.
Trial 81 finished with value: 0.5868407090215263 and parameters: {'max_depth': 7, 'colsample_bytree': 0.3926019624791604, 'subsample': 0.8353787304028258, 'min_child_samples': 61, 'reg_alpha': 0.00019649199121112633, 'reg_lambda': 5.605324434651102, 'max_bin': 235, 'min_data_per_group': 45}. Best is trial 69 with value: 0.5890005213558348.
Trial 82 finished with value: 0.5876177514166593 and parameters: {'max_depth': 7, 'colsample_bytree': 0.4429295603710299, 'subsample': 0.8846731489833617, 'min_child_samples': 83, 'reg_alpha': 3.243441832179816e-05, 'reg_lambda': 98.54771645050589, 'max_bin': 256, 'min_data_per_group': 66}. Best is trial 69 with value: 0.5890005213558348.
Trial 83 finished with value: 0.5864508134707774 and parameters: {'max_depth': 6, 'colsample_bytree': 0.26214683624322094, 'subsample': 0.7811184109484055, 'min_child_samples': 43, 'reg_alpha': 6.526973172344304e-05, 'reg_lambda': 1.70373146675611, 'max_bin': 403, 'min_data_per_group': 50}. Best is trial 69 with value: 0.5890005213558348.
Trial 84 finished with value: 0.5880703872284249 and parameters: {'max_depth': 7, 'colsample_bytree': 0.40503745503551936, 'subsample': 0.7391085639031731, 'min_child_samples': 31, 'reg_alpha': 4.569808612377329e-06, 'reg_lambda': 0.44912604407596196, 'max_bin': 312, 'min_data_per_group': 113}. Best is trial 69 with value: 0.5890005213558348.
Trial 85 finished with value: 0.588171767487088 and parameters: {'max_depth': 7, 'colsample_bytree': 0.5354598604630079, 'subsample': 0.8004891663826604, 'min_child_samples': 64, 'reg_alpha': 2.2096844292787564e-06, 'reg_lambda': 15.407803430577193, 'max_bin': 347, 'min_data_per_group': 74}. Best is trial 69 with value: 0.5890005213558348.
Trial 86 finished with value: 0.58867664766563 and parameters: {'max_depth': 6, 'colsample_bytree': 0.46771641001506914, 'subsample': 0.8725792255018657, 'min_child_samples': 102, 'reg_alpha': 0.00012149537544360377, 'reg_lambda': 45.96796165079507, 'max_bin': 268, 'min_data_per_group': 34}. Best is trial 69 with value: 0.5890005213558348.
Trial 87 finished with value: 0.5868618310455631 and parameters: {'max_depth': 6, 'colsample_bytree': 0.20178069714380398, 'subsample': 0.8760039132160969, 'min_child_samples': 101, 'reg_alpha': 0.003039073465698285, 'reg_lambda': 46.18508045523822, 'max_bin': 232, 'min_data_per_group': 30}. Best is trial 69 with value: 0.5890005213558348.
Trial 88 finished with value: 0.5879357192571705 and parameters: {'max_depth': 7, 'colsample_bytree': 0.47772580460493946, 'subsample': 0.8995474860035069, 'min_child_samples': 51, 'reg_alpha': 0.000302495390024252, 'reg_lambda': 2.69138066705614, 'max_bin': 284, 'min_data_per_group': 52}. Best is trial 69 with value: 0.5890005213558348.
Trial 89 finished with value: 0.5880229015302185 and parameters: {'max_depth': 6, 'colsample_bytree': 0.32466503978892824, 'subsample': 0.8279906759723058, 'min_child_samples': 81, 'reg_alpha': 0.00015655851507091162, 'reg_lambda': 0.049840550915025573, 'max_bin': 265, 'min_data_per_group': 93}. Best is trial 69 with value: 0.5890005213558348.
Trial 90 finished with value: 0.5890134137389161 and parameters: {'max_depth': 7, 'colsample_bytree': 0.30722954536903424, 'subsample': 0.8712094610902431, 'min_child_samples': 41, 'reg_alpha': 0.0009767408302892833, 'reg_lambda': 34.44301914695907, 'max_bin': 306, 'min_data_per_group': 75}. Best is trial 90 with value: 0.5890134137389161.
Trial 91 finished with value: 0.5880666984172208 and parameters: {'max_depth': 7, 'colsample_bytree': 0.2922255638008896, 'subsample': 0.7630986674371265, 'min_child_samples': 41, 'reg_alpha': 0.0010883653572593879, 'reg_lambda': 44.39912379351963, 'max_bin': 303, 'min_data_per_group': 52}. Best is trial 90 with value: 0.5890134137389161.
Trial 92 finished with value: 0.5861291117759372 and parameters: {'max_depth': 7, 'colsample_bytree': 0.2779819218465765, 'subsample': 0.8733885768664129, 'min_child_samples': 58, 'reg_alpha': 0.00011282409313814855, 'reg_lambda': 25.894299825030803, 'max_bin': 324, 'min_data_per_group': 76}. Best is trial 90 with value: 0.5890134137389161.
Trial 93 finished with value: 0.5864112368932384 and parameters: {'max_depth': 7, 'colsample_bytree': 0.34650193899324455, 'subsample': 0.8150785702422396, 'min_child_samples': 66, 'reg_alpha': 3.4695830445548115e-05, 'reg_lambda': 5.488809499359462, 'max_bin': 396, 'min_data_per_group': 105}. Best is trial 90 with value: 0.5890134137389161.
Trial 94 finished with value: 0.5888113895162723 and parameters: {'max_depth': 6, 'colsample_bytree': 0.43176498285473197, 'subsample': 0.8478843020496777, 'min_child_samples': 89, 'reg_alpha': 0.018241453819955386, 'reg_lambda': 11.169204708261201, 'max_bin': 228, 'min_data_per_group': 130}. Best is trial 90 with value: 0.5890134137389161.
Trial 95 finished with value: 0.5887471601547076 and parameters: {'max_depth': 6, 'colsample_bytree': 0.4317322317461102, 'subsample': 0.8489054932091282, 'min_child_samples': 91, 'reg_alpha': 0.201098168866341, 'reg_lambda': 8.456388942822416, 'max_bin': 230, 'min_data_per_group': 126}. Best is trial 90 with value: 0.5890134137389161.
Trial 96 finished with value: 0.5868182778781678 and parameters: {'max_depth': 6, 'colsample_bytree': 0.3766072519769298, 'subsample': 0.7956267522868703, 'min_child_samples': 94, 'reg_alpha': 0.7570948459802893, 'reg_lambda': 9.781534065192048, 'max_bin': 222, 'min_data_per_group': 125}. Best is trial 90 with value: 0.5890134137389161.
Trial 97 finished with value: 0.5888446822583783 and parameters: {'max_depth': 7, 'colsample_bytree': 0.4157610084826728, 'subsample': 0.8420583049425798, 'min_child_samples': 109, 'reg_alpha': 0.17057941022076945, 'reg_lambda': 2.4060927454928716, 'max_bin': 272, 'min_data_per_group': 40}. Best is trial 90 with value: 0.5890134137389161.
Trial 98 finished with value: 0.5886895321086096 and parameters: {'max_depth': 7, 'colsample_bytree': 0.4381449523952181, 'subsample': 0.8493793597235657, 'min_child_samples': 109, 'reg_alpha': 0.20370281702390336, 'reg_lambda': 3.142467711336081, 'max_bin': 269, 'min_data_per_group': 41}. Best is trial 90 with value: 0.5890134137389161.
Trial 99 finished with value: 0.589251445321705 and parameters: {'max_depth': 7, 'colsample_bytree': 0.42980286499471365, 'subsample': 0.8454274168022649, 'min_child_samples': 88, 'reg_alpha': 0.1858235567627663, 'reg_lambda': 0.13921985944831958, 'max_bin': 219, 'min_data_per_group': 57}. Best is trial 99 with value: 0.589251445321705.
