A new study created in memory with name: no-name-ecea0a5d-37cc-49f1-8de3-d4bc2ce784f6
Note: NumExpr detected 20 cores but "NUMEXPR_MAX_THREADS" not set, so enforcing safe limit of 8.
NumExpr defaulting to 8 threads.
Trial 0 finished with value: 0.585386859312915 and parameters: {'max_depth': 13, 'subsample': 0.35196243943443484, 'colsample_bytree': 0.5894432072589428, 'reg_alpha': 0.1463697935536224, 'reg_lambda': 2.9122950864748613e-06, 'min_child_weight': 74}. Best is trial 0 with value: 0.585386859312915.
Trial 1 finished with value: 0.5871723814445281 and parameters: {'max_depth': 9, 'subsample': 0.8455342729790495, 'colsample_bytree': 0.5726789156496254, 'reg_alpha': 1.3330800099531606e-07, 'reg_lambda': 8.058416741353625e-08, 'min_child_weight': 58}. Best is trial 1 with value: 0.5871723814445281.
Trial 2 finished with value: 0.587860525627705 and parameters: {'max_depth': 9, 'subsample': 0.395327300602767, 'colsample_bytree': 0.6291373151815253, 'reg_alpha': 1.523575385542057e-06, 'reg_lambda': 1.642565015603742e-05, 'min_child_weight': 22}. Best is trial 2 with value: 0.587860525627705.
Trial 3 finished with value: 0.5830393176712487 and parameters: {'max_depth': 7, 'subsample': 0.39845479078690493, 'colsample_bytree': 0.2185177695144181, 'reg_alpha': 0.005494228939553738, 'reg_lambda': 6.283078348974877e-06, 'min_child_weight': 4}. Best is trial 2 with value: 0.587860525627705.
Trial 4 finished with value: 0.5845182451396167 and parameters: {'max_depth': 14, 'subsample': 0.2436137021836709, 'colsample_bytree': 0.8536511037864463, 'reg_alpha': 9.951332526036137e-08, 'reg_lambda': 2.8450954761777512e-08, 'min_child_weight': 48}. Best is trial 2 with value: 0.587860525627705.
Trial 5 finished with value: 0.5866549171968448 and parameters: {'max_depth': 13, 'subsample': 0.6155337889601981, 'colsample_bytree': 0.6354270206946115, 'reg_alpha': 0.9831654145179871, 'reg_lambda': 0.00014200139632043824, 'min_child_weight': 81}. Best is trial 2 with value: 0.587860525627705.
Trial 6 finished with value: 0.5846135550143527 and parameters: {'max_depth': 2, 'subsample': 0.2087139739560409, 'colsample_bytree': 0.47719405860491215, 'reg_alpha': 0.0005835091051610541, 'reg_lambda': 0.11773698136296513, 'min_child_weight': 32}. Best is trial 2 with value: 0.587860525627705.
Trial 7 finished with value: 0.5845079995932533 and parameters: {'max_depth': 10, 'subsample': 0.27459466866585447, 'colsample_bytree': 0.7543696945608436, 'reg_alpha': 4.120382106664517e-07, 'reg_lambda': 3.8796255142536664e-08, 'min_child_weight': 41}. Best is trial 2 with value: 0.587860525627705.
Trial 8 finished with value: 0.5856016818392482 and parameters: {'max_depth': 15, 'subsample': 0.5806248698367158, 'colsample_bytree': 0.3266692134238636, 'reg_alpha': 2.8756626495167838e-08, 'reg_lambda': 7.287482683682856, 'min_child_weight': 15}. Best is trial 2 with value: 0.587860525627705.
Trial 9 finished with value: 0.585720437578864 and parameters: {'max_depth': 4, 'subsample': 0.2718150458473737, 'colsample_bytree': 0.7825757225409554, 'reg_alpha': 9.454821265962711e-06, 'reg_lambda': 6.858012561625374e-07, 'min_child_weight': 33}. Best is trial 2 with value: 0.587860525627705.
Trial 10 finished with value: 0.5888609688802336 and parameters: {'max_depth': 6, 'subsample': 0.7635379703625864, 'colsample_bytree': 0.3820824015697561, 'reg_alpha': 1.9550922706032888e-05, 'reg_lambda': 0.00715259081362619, 'min_child_weight': 18}. Best is trial 10 with value: 0.5888609688802336.
Trial 11 finished with value: 0.5883635967910672 and parameters: {'max_depth': 6, 'subsample': 0.784662525573389, 'colsample_bytree': 0.3940286210578797, 'reg_alpha': 1.4326586439686323e-05, 'reg_lambda': 0.008697958267165719, 'min_child_weight': 18}. Best is trial 10 with value: 0.5888609688802336.
Trial 12 finished with value: 0.5871538495057804 and parameters: {'max_depth': 6, 'subsample': 0.8533419470003576, 'colsample_bytree': 0.3681564304447974, 'reg_alpha': 3.468246520442381e-05, 'reg_lambda': 0.01339668070864698, 'min_child_weight': 1}. Best is trial 10 with value: 0.5888609688802336.
Trial 13 finished with value: 0.586188885751125 and parameters: {'max_depth': 5, 'subsample': 0.6975604918626752, 'colsample_bytree': 0.21149282632449737, 'reg_alpha': 0.00016640948085111762, 'reg_lambda': 0.008480402515747961, 'min_child_weight': 22}. Best is trial 10 with value: 0.5888609688802336.
Trial 14 finished with value: 0.5878981578619001 and parameters: {'max_depth': 3, 'subsample': 0.7705718216122531, 'colsample_bytree': 0.41325369655804955, 'reg_alpha': 0.003721211972217143, 'reg_lambda': 0.7847242536704058, 'min_child_weight': 60}. Best is trial 10 with value: 0.5888609688802336.
Trial 15 finished with value: 0.5801296621076507 and parameters: {'max_depth': 7, 'subsample': 0.7029040257836987, 'colsample_bytree': 0.13466219764730097, 'reg_alpha': 9.144129799301511e-06, 'reg_lambda': 0.0015511384768443137, 'min_child_weight': 99}. Best is trial 10 with value: 0.5888609688802336.
Trial 16 finished with value: 0.5854904759009828 and parameters: {'max_depth': 11, 'subsample': 0.5218272476310144, 'colsample_bytree': 0.30321228945737877, 'reg_alpha': 2.877733306640267e-06, 'reg_lambda': 82.38796580456093, 'min_child_weight': 18}. Best is trial 10 with value: 0.5888609688802336.
Trial 17 finished with value: 0.5883494675146205 and parameters: {'max_depth': 7, 'subsample': 0.7521816532898143, 'colsample_bytree': 0.47468153532907925, 'reg_alpha': 0.000286908430349546, 'reg_lambda': 0.00024086148819607814, 'min_child_weight': 34}. Best is trial 10 with value: 0.5888609688802336.
Trial 18 finished with value: 0.587251486050235 and parameters: {'max_depth': 5, 'subsample': 0.8953944774540056, 'colsample_bytree': 0.25040071603557856, 'reg_alpha': 0.02241503732862148, 'reg_lambda': 0.10287662303068834, 'min_child_weight': 11}. Best is trial 10 with value: 0.5888609688802336.
Trial 19 finished with value: 0.5861515550093238 and parameters: {'max_depth': 2, 'subsample': 0.6343151671261356, 'colsample_bytree': 0.4070295565306722, 'reg_alpha': 4.9560307428658316e-05, 'reg_lambda': 0.002931839084228925, 'min_child_weight': 26}. Best is trial 10 with value: 0.5888609688802336.
Trial 20 finished with value: 0.5614823672912251 and parameters: {'max_depth': 11, 'subsample': 0.49876246056138485, 'colsample_bytree': 0.1058549427014005, 'reg_alpha': 0.0013193099861879486, 'reg_lambda': 0.00010191642278507503, 'min_child_weight': 44}. Best is trial 10 with value: 0.5888609688802336.
Trial 21 finished with value: 0.5884883180792819 and parameters: {'max_depth': 7, 'subsample': 0.7671732429406002, 'colsample_bytree': 0.48998008441700586, 'reg_alpha': 0.00012814659214287037, 'reg_lambda': 0.00045054217969972175, 'min_child_weight': 36}. Best is trial 10 with value: 0.5888609688802336.
Trial 22 finished with value: 0.5867761562995067 and parameters: {'max_depth': 8, 'subsample': 0.7891455617116379, 'colsample_bytree': 0.5131897931022982, 'reg_alpha': 4.082830298141788e-05, 'reg_lambda': 0.06813951370682485, 'min_child_weight': 29}. Best is trial 10 with value: 0.5888609688802336.
Trial 23 finished with value: 0.5877399753140257 and parameters: {'max_depth': 5, 'subsample': 0.6687979703054809, 'colsample_bytree': 0.41721645850001965, 'reg_alpha': 1.1382600399093989e-06, 'reg_lambda': 0.7680171223925137, 'min_child_weight': 7}. Best is trial 10 with value: 0.5888609688802336.
Trial 24 finished with value: 0.5882150851531402 and parameters: {'max_depth': 6, 'subsample': 0.8052353888436455, 'colsample_bytree': 0.5126280050446138, 'reg_alpha': 9.35924564959127e-06, 'reg_lambda': 0.0008685362294358787, 'min_child_weight': 15}. Best is trial 10 with value: 0.5888609688802336.
Trial 25 finished with value: 0.5844308782866217 and parameters: {'max_depth': 8, 'subsample': 0.12313237754188949, 'colsample_bytree': 0.3275910991472334, 'reg_alpha': 0.00013437758400927833, 'reg_lambda': 4.103123561188484e-05, 'min_child_weight': 40}. Best is trial 10 with value: 0.5888609688802336.
Trial 26 finished with value: 0.5875153172481367 and parameters: {'max_depth': 4, 'subsample': 0.7276788672285492, 'colsample_bytree': 0.6817653231686334, 'reg_alpha': 0.015065336102563946, 'reg_lambda': 0.015218748174180063, 'min_child_weight': 54}. Best is trial 10 with value: 0.5888609688802336.
Trial 27 finished with value: 0.5869748036846694 and parameters: {'max_depth': 6, 'subsample': 0.554920616870623, 'colsample_bytree': 0.45575745200216755, 'reg_alpha': 1.4705255508875213e-08, 'reg_lambda': 0.0005774635036714657, 'min_child_weight': 65}. Best is trial 10 with value: 0.5888609688802336.
Trial 28 finished with value: 0.5879437646551502 and parameters: {'max_depth': 4, 'subsample': 0.8864277260637387, 'colsample_bytree': 0.5403524888567964, 'reg_alpha': 0.0011571493869261525, 'reg_lambda': 0.0046617442546315205, 'min_child_weight': 38}. Best is trial 10 with value: 0.5888609688802336.
Trial 29 finished with value: 0.5846215362580948 and parameters: {'max_depth': 10, 'subsample': 0.830140130274588, 'colsample_bytree': 0.2650846332131863, 'reg_alpha': 0.08627035757493451, 'reg_lambda': 5.984160226610939e-07, 'min_child_weight': 25}. Best is trial 10 with value: 0.5888609688802336.
Trial 30 finished with value: 0.5866810237270502 and parameters: {'max_depth': 7, 'subsample': 0.6474645127478899, 'colsample_bytree': 0.37076409548639083, 'reg_alpha': 3.745338408304618e-06, 'reg_lambda': 0.6560655865610694, 'min_child_weight': 8}. Best is trial 10 with value: 0.5888609688802336.
Trial 31 finished with value: 0.5881793502126039 and parameters: {'max_depth': 7, 'subsample': 0.7417143715183253, 'colsample_bytree': 0.48619376944658216, 'reg_alpha': 0.000200042861533507, 'reg_lambda': 0.00030128729957858244, 'min_child_weight': 37}. Best is trial 10 with value: 0.5888609688802336.
Trial 32 finished with value: 0.5881314224895645 and parameters: {'max_depth': 8, 'subsample': 0.7526063533310237, 'colsample_bytree': 0.4551928876985118, 'reg_alpha': 2.6985627977144233e-05, 'reg_lambda': 0.02958436056505919, 'min_child_weight': 47}. Best is trial 10 with value: 0.5888609688802336.
Trial 33 finished with value: 0.5880661856546616 and parameters: {'max_depth': 6, 'subsample': 0.8173634173514697, 'colsample_bytree': 0.5931493683366688, 'reg_alpha': 0.00045092489589842777, 'reg_lambda': 2.5684619357724423e-05, 'min_child_weight': 19}. Best is trial 10 with value: 0.5888609688802336.
Trial 34 finished with value: 0.5871223898247011 and parameters: {'max_depth': 9, 'subsample': 0.4790486033875742, 'colsample_bytree': 0.5621512836756044, 'reg_alpha': 9.196332213617052e-05, 'reg_lambda': 6.354542517461859e-06, 'min_child_weight': 33}. Best is trial 10 with value: 0.5888609688802336.
Trial 35 finished with value: 0.588297592285216 and parameters: {'max_depth': 5, 'subsample': 0.6879589585498415, 'colsample_bytree': 0.3727308650389282, 'reg_alpha': 8.211995524310911, 'reg_lambda': 0.00020802643820095953, 'min_child_weight': 13}. Best is trial 10 with value: 0.5888609688802336.
Trial 36 finished with value: 0.5875874002525393 and parameters: {'max_depth': 7, 'subsample': 0.4369838736913718, 'colsample_bytree': 0.6177903746983139, 'reg_alpha': 9.642301605034539e-07, 'reg_lambda': 0.002226495219117945, 'min_child_weight': 25}. Best is trial 10 with value: 0.5888609688802336.
Trial 37 finished with value: 0.5868778339063263 and parameters: {'max_depth': 8, 'subsample': 0.863905168176929, 'colsample_bytree': 0.6898672554661985, 'reg_alpha': 2.991028607527266e-07, 'reg_lambda': 8.75908966695761e-05, 'min_child_weight': 30}. Best is trial 10 with value: 0.5888609688802336.
Trial 38 finished with value: 0.5868786413030324 and parameters: {'max_depth': 3, 'subsample': 0.778403660233185, 'colsample_bytree': 0.4379417453672265, 'reg_alpha': 0.006129416121280383, 'reg_lambda': 9.143713426019782e-06, 'min_child_weight': 69}. Best is trial 10 with value: 0.5888609688802336.
Trial 39 finished with value: 0.587994589177472 and parameters: {'max_depth': 9, 'subsample': 0.5976127512034342, 'colsample_bytree': 0.5338404945507781, 'reg_alpha': 1.3565244420815942e-05, 'reg_lambda': 0.0007424515943333745, 'min_child_weight': 49}. Best is trial 10 with value: 0.5888609688802336.
Trial 40 finished with value: 0.5866895777548315 and parameters: {'max_depth': 6, 'subsample': 0.6542268711497646, 'colsample_bytree': 0.321419069318178, 'reg_alpha': 0.0007233261132404379, 'reg_lambda': 6.853631215558219e-07, 'min_child_weight': 81}. Best is trial 10 with value: 0.5888609688802336.
Trial 41 finished with value: 0.5884910328053228 and parameters: {'max_depth': 5, 'subsample': 0.7090723191001899, 'colsample_bytree': 0.3748093015623589, 'reg_alpha': 0.6346595453168644, 'reg_lambda': 0.00028844386809197893, 'min_child_weight': 12}. Best is trial 10 with value: 0.5888609688802336.
Trial 42 finished with value: 0.5878266234884177 and parameters: {'max_depth': 7, 'subsample': 0.7147876804651823, 'colsample_bytree': 0.3594289947209657, 'reg_alpha': 0.39749205657095515, 'reg_lambda': 4.917237657350834e-05, 'min_child_weight': 20}. Best is trial 10 with value: 0.5888609688802336.
Trial 43 finished with value: 0.586577937515725 and parameters: {'max_depth': 5, 'subsample': 0.8372530610287076, 'colsample_bytree': 0.48324737232363874, 'reg_alpha': 7.417993965117354e-05, 'reg_lambda': 0.0003622537498913897, 'min_child_weight': 1}. Best is trial 10 with value: 0.5888609688802336.
Trial 44 finished with value: 0.5882736580150345 and parameters: {'max_depth': 3, 'subsample': 0.7506889656214734, 'colsample_bytree': 0.3975190326458271, 'reg_alpha': 4.240964300305267, 'reg_lambda': 0.005087833348374022, 'min_child_weight': 9}. Best is trial 10 with value: 0.5888609688802336.
Trial 45 finished with value: 0.5868932427797088 and parameters: {'max_depth': 6, 'subsample': 0.7960630034781435, 'colsample_bytree': 0.20888708691616098, 'reg_alpha': 0.00250675493594453, 'reg_lambda': 0.018486001393627945, 'min_child_weight': 35}. Best is trial 10 with value: 0.5888609688802336.
Trial 46 finished with value: 0.5878442133228063 and parameters: {'max_depth': 4, 'subsample': 0.6839787785644298, 'colsample_bytree': 0.2635926267142261, 'reg_alpha': 0.00029457811227590926, 'reg_lambda': 0.19062242821776443, 'min_child_weight': 15}. Best is trial 10 with value: 0.5888609688802336.
Trial 47 finished with value: 0.5848083479513481 and parameters: {'max_depth': 9, 'subsample': 0.8640663580274113, 'colsample_bytree': 0.8741122829636158, 'reg_alpha': 3.918996107851567e-06, 'reg_lambda': 0.002109873793901958, 'min_child_weight': 5}. Best is trial 10 with value: 0.5888609688802336.
Trial 48 finished with value: 0.5882494178636923 and parameters: {'max_depth': 5, 'subsample': 0.5680120751565275, 'colsample_bytree': 0.2981194268350688, 'reg_alpha': 2.2184898904106318e-05, 'reg_lambda': 0.04165084001106808, 'min_child_weight': 27}. Best is trial 10 with value: 0.5888609688802336.
Trial 49 finished with value: 0.5878108393168392 and parameters: {'max_depth': 7, 'subsample': 0.7282959719855406, 'colsample_bytree': 0.4458460110907228, 'reg_alpha': 0.08078291614299785, 'reg_lambda': 2.9577515528520507e-06, 'min_child_weight': 43}. Best is trial 10 with value: 0.5888609688802336.
Trial 50 finished with value: 0.5889563462281775 and parameters: {'max_depth': 6, 'subsample': 0.6245084201205715, 'colsample_bytree': 0.3496244690591325, 'reg_alpha': 9.371183584644776e-08, 'reg_lambda': 0.008469022612263991, 'min_child_weight': 21}. Best is trial 50 with value: 0.5889563462281775.
Trial 51 finished with value: 0.5888727320779434 and parameters: {'max_depth': 6, 'subsample': 0.6212641713194587, 'colsample_bytree': 0.3441307735444351, 'reg_alpha': 1.6222971884918902e-07, 'reg_lambda': 0.22815637188170212, 'min_child_weight': 20}. Best is trial 50 with value: 0.5889563462281775.
Trial 52 finished with value: 0.5884589508701243 and parameters: {'max_depth': 6, 'subsample': 0.6128047560523161, 'colsample_bytree': 0.3454995475649175, 'reg_alpha': 1.254831568747054e-07, 'reg_lambda': 0.008348928806482435, 'min_child_weight': 20}. Best is trial 50 with value: 0.5889563462281775.
Trial 53 finished with value: 0.5888288191841305 and parameters: {'max_depth': 5, 'subsample': 0.6112674578997129, 'colsample_bytree': 0.34718285097978174, 'reg_alpha': 5.8618240177746356e-08, 'reg_lambda': 0.1784795445661946, 'min_child_weight': 23}. Best is trial 50 with value: 0.5889563462281775.
Trial 54 finished with value: 0.584870269357544 and parameters: {'max_depth': 5, 'subsample': 0.5263071395247303, 'colsample_bytree': 0.18726401383823843, 'reg_alpha': 4.225136792932907e-08, 'reg_lambda': 2.684741066931299, 'min_child_weight': 22}. Best is trial 50 with value: 0.5889563462281775.
Trial 55 finished with value: 0.587655226014174 and parameters: {'max_depth': 4, 'subsample': 0.6227820667390451, 'colsample_bytree': 0.2898564568335145, 'reg_alpha': 5.2620067503292084e-08, 'reg_lambda': 0.3016299507869259, 'min_child_weight': 13}. Best is trial 50 with value: 0.5889563462281775.
Trial 56 finished with value: 0.5879860193919055 and parameters: {'max_depth': 3, 'subsample': 0.5811624585293385, 'colsample_bytree': 0.38518599346029986, 'reg_alpha': 3.5432890889915e-07, 'reg_lambda': 1.7883033877988153, 'min_child_weight': 24}. Best is trial 50 with value: 0.5889563462281775.
Trial 57 finished with value: 0.5869616056319661 and parameters: {'max_depth': 5, 'subsample': 0.3727145380312771, 'colsample_bytree': 0.33575356956883795, 'reg_alpha': 1.9405562781717498e-07, 'reg_lambda': 29.943106043003954, 'min_child_weight': 29}. Best is trial 50 with value: 0.5889563462281775.
Trial 58 finished with value: 0.5858918263487222 and parameters: {'max_depth': 6, 'subsample': 0.535311639189015, 'colsample_bytree': 0.2349962063481039, 'reg_alpha': 1.2128475436538661e-08, 'reg_lambda': 0.08033814164434856, 'min_child_weight': 17}. Best is trial 50 with value: 0.5889563462281775.
Trial 59 finished with value: 0.5848367050433939 and parameters: {'max_depth': 13, 'subsample': 0.6737478822654681, 'colsample_bytree': 0.4267382936709896, 'reg_alpha': 6.794332954779027e-07, 'reg_lambda': 0.2820784756092183, 'min_child_weight': 12}. Best is trial 50 with value: 0.5889563462281775.
Trial 60 finished with value: 0.5848267012440546 and parameters: {'max_depth': 15, 'subsample': 0.4719770651404321, 'colsample_bytree': 0.2834782796503143, 'reg_alpha': 7.433384260503082e-08, 'reg_lambda': 7.583212339313341, 'min_child_weight': 31}. Best is trial 50 with value: 0.5889563462281775.
Trial 61 finished with value: 0.5885386832873005 and parameters: {'max_depth': 6, 'subsample': 0.6193074918138215, 'colsample_bytree': 0.32651492147892325, 'reg_alpha': 1.169685783755954e-07, 'reg_lambda': 0.00813047479557381, 'min_child_weight': 21}. Best is trial 50 with value: 0.5889563462281775.
Trial 62 finished with value: 0.5880694592605538 and parameters: {'max_depth': 4, 'subsample': 0.6402191110312622, 'colsample_bytree': 0.3193662303788647, 'reg_alpha': 1.501115070739268e-07, 'reg_lambda': 0.03919316285831842, 'min_child_weight': 22}. Best is trial 50 with value: 0.5889563462281775.
Trial 63 finished with value: 0.5822584856285697 and parameters: {'max_depth': 6, 'subsample': 0.5957895142041506, 'colsample_bytree': 0.17790394298913575, 'reg_alpha': 2.584534131760483e-08, 'reg_lambda': 0.0052351160172734315, 'min_child_weight': 16}. Best is trial 50 with value: 0.5889563462281775.
Trial 64 finished with value: 0.5870647332597017 and parameters: {'max_depth': 7, 'subsample': 0.6947402559069611, 'colsample_bytree': 0.35413590540680473, 'reg_alpha': 5.324784005736024e-07, 'reg_lambda': 0.0015342355909137712, 'min_child_weight': 11}. Best is trial 50 with value: 0.5889563462281775.
Trial 65 finished with value: 0.5867550354110143 and parameters: {'max_depth': 5, 'subsample': 0.6556690529568824, 'colsample_bytree': 0.4041969628943435, 'reg_alpha': 1.603611366097905e-06, 'reg_lambda': 0.014576893369859373, 'min_child_weight': 6}. Best is trial 50 with value: 0.5889563462281775.
Trial 66 finished with value: 0.5867560608950166 and parameters: {'max_depth': 8, 'subsample': 0.6182665748994233, 'colsample_bytree': 0.3082276766243875, 'reg_alpha': 2.468386558371433e-08, 'reg_lambda': 0.1642043145405347, 'min_child_weight': 28}. Best is trial 50 with value: 0.5889563462281775.
Trial 67 finished with value: 0.5880447152340305 and parameters: {'max_depth': 6, 'subsample': 0.70997318459438, 'colsample_bytree': 0.37669850240593533, 'reg_alpha': 1.765333133021483e-06, 'reg_lambda': 0.00045560656395389313, 'min_child_weight': 24}. Best is trial 50 with value: 0.5889563462281775.
Trial 68 finished with value: 0.5843636080081052 and parameters: {'max_depth': 7, 'subsample': 0.5566014579707921, 'colsample_bytree': 0.24748372928114437, 'reg_alpha': 8.51254067004573e-08, 'reg_lambda': 0.001158009572344667, 'min_child_weight': 53}. Best is trial 50 with value: 0.5889563462281775.
Trial 69 finished with value: 0.586743116019786 and parameters: {'max_depth': 4, 'subsample': 0.7712032149118281, 'colsample_bytree': 0.2792689393974813, 'reg_alpha': 5.4278826210399195e-06, 'reg_lambda': 0.026006807133272237, 'min_child_weight': 3}. Best is trial 50 with value: 0.5889563462281775.
Trial 70 finished with value: 0.5881962877435075 and parameters: {'max_depth': 5, 'subsample': 0.664643234915362, 'colsample_bytree': 0.3415717274380973, 'reg_alpha': 1.9442759713126088e-08, 'reg_lambda': 0.0001470615761932505, 'min_child_weight': 18}. Best is trial 50 with value: 0.5889563462281775.
Trial 71 finished with value: 0.5882232736660049 and parameters: {'max_depth': 6, 'subsample': 0.6134333962563753, 'colsample_bytree': 0.3426324291380257, 'reg_alpha': 1.6454209701067672e-07, 'reg_lambda': 0.008496616814204093, 'min_child_weight': 20}. Best is trial 50 with value: 0.5889563462281775.
